<?xml version="1.0" encoding="UTF-8"?>
<testsuite xmlns:xsi="http://www.w3.org/2001/XMLSchema-instance" xsi:noNamespaceSchemaLocation="https://maven.apache.org/surefire/maven-surefire-plugin/xsd/surefire-test-report.xsd" name="C_MuistavaTuotevarastoTest" time="0.491" tests="16" errors="0" skipped="0" failures="0">
  <properties>
[...]
</properties>
  <testcase name="lisaysJaOttoVaikuttavatHistoriaan1" classname="C_MuistavaTuotevarastoTest" time="0.069"/>
  <testcase name="lisaysJaOttoVaikuttavatHistoriaan2" classname="C_MuistavaTuotevarastoTest" time="0"/>
  <testcase name="otaVarastostaPalauttaaSaadunMaaran" classname="C_MuistavaTuotevarastoTest" time="0.001"/>
  <testcase name="tulostaAnalyysiToimii1" classname="C_MuistavaTuotevarastoTest" time="0.224"/>
  <testcase name="tulostaAnalyysiToimii2" classname="C_MuistavaTuotevarastoTest" time="0.004"/>
  <testcase name="tulostaAnalyysiSisaltaaHalututRivit" classname="C_MuistavaTuotevarastoTest" time="0.002"/>
  <testcase name="onMetodiTulostaAnalyysi" classname="C_MuistavaTuotevarastoTest" time="0.001"/>
  <testcase name="lisaysJaOttoToimivat" classname="C_MuistavaTuotevarastoTest" time="0.002"/>
  <testcase name="luokkaOlemassa" classname="C_MuistavaTuotevarastoTest" time="0"/>
  <testcase name="eiYlimaaraisiaOliomuuttujia" classname="C_MuistavaTuotevarastoTest" time="0.002"/>
  <testcase name="onMetodiLisaaVarastoon" classname="C_MuistavaTuotevarastoTest" time="0.001"/>
  <testcase name="onMetodiHistora" classname="C_MuistavaTuotevarastoTest" time="0.001"/>
  <testcase name="onKolmeparametrinenKonstruktori" classname="C_MuistavaTuotevarastoTest" time="0"/>
  <testcase name="onMetodiOtaVarastosta" classname="C_MuistavaTuotevarastoTest" time="0"/>
  <testcase name="alkuSaldoOnVarastonAlkusaldona" classname="C_MuistavaTuotevarastoTest" time="0"/>
  <testcase name="periiLuokanTuotearasto" classname="C_MuistavaTuotevarastoTest" time="0.005"/>
</testsuite>