<?xml version="1.0" encoding="UTF-8"?>
<testsuite xmlns:xsi="http://www.w3.org/2001/XMLSchema-instance" xsi:noNamespaceSchemaLocation="https://maven.apache.org/surefire/maven-surefire-plugin/xsd/surefire-test-report.xsd" name="ABCTest" time="0.364" tests="5" errors="0" skipped="0" failures="0">
  <properties>
[...]
</properties>
  <testcase name="luokatABC" classname="ABCTest" time="0.083"/>
  <testcase name="bPeriiAn" classname="ABCTest" time="0.002"/>
  <testcase name="metoditABC" classname="ABCTest" time="0.017"/>
  <testcase name="vainMetoditABC" classname="ABCTest" time="0.002"/>
  <testcase name="cPeriiBn" classname="ABCTest" time="0.001"/>
</testsuite>